# JRE version: OpenJDK Runtime Environment (8.0_212-b04) (build 1.8.0_212-release-1586-b04)
# Java VM: OpenJDK 64-Bit Server VM (25.212-b04 mixed mode windows-amd64 compressed oops)
Heap:
 PSYoungGen      total 374784K, used 275591K [0x00000000e0000000, 0x00000000fd300000, 0x0000000100000000)
  eden space 294400K, 67% used [0x00000000e0000000,0x00000000ec2683a8,0x00000000f1f80000)
  from space 80384K, 95% used [0x00000000f1f80000,0x00000000f6a39978,0x00000000f6e00000)
  to   space 89600K, 0% used [0x00000000f7b80000,0x00000000f7b80000,0x00000000fd300000)
 ParOldGen       total 423936K, used 221841K [0x00000000a0000000, 0x00000000b9e00000, 0x00000000e0000000)
  object space 423936K, 52% used [0x00000000a0000000,0x00000000ad8a46a0,0x00000000b9e00000)
 Metaspace       used 107320K, capacity 114044K, committed 114328K, reserved 1148928K
  class space    used 13517K, capacity 14680K, committed 14760K, reserved 1048576K
GC Heap History (10 events):
Event: 4336.937 GC heap before
{Heap before GC invocations=74 (full 5):
 PSYoungGen      total 365568K, used 327413K [0x00000000e0000000, 0x00000000fbc80000, 0x0000000100000000)
  eden space 285184K, 100% used [0x00000000e0000000,0x00000000f1680000,0x00000000f1680000)
  from space 80384K, 52% used [0x00000000f6e00000,0x00000000f973d6c0,0x00000000fbc80000)
  to   space 84992K, 0% used [0x00000000f1680000,0x00000000f1680000,0x00000000f6980000)
 ParOldGen       total 423936K, used 221169K [0x00000000a0000000, 0x00000000b9e00000, 0x00000000e0000000)
  object space 423936K, 52% used [0x00000000a0000000,0x00000000ad7fc670,0x00000000b9e00000)
 Metaspace       used 100017K, capacity 106496K, committed 106648K, reserved 1142784K
  class space    used 12695K, capacity 13884K, committed 13992K, reserved 1048576K
Event: 4336.963 GC heap after
Heap after GC invocations=74 (full 5):
 PSYoungGen      total 370176K, used 27352K [0x00000000e0000000, 0x00000000fbc00000, 0x0000000100000000)
  eden space 285184K, 0% used [0x00000000e0000000,0x00000000e0000000,0x00000000f1680000)
  from space 84992K, 32% used [0x00000000f1680000,0x00000000f31361d8,0x00000000f6980000)
  to   space 82944K, 0% used [0x00000000f6b00000,0x00000000f6b00000,0x00000000fbc00000)
 ParOldGen       total 423936K, used 221177K [0x00000000a0000000, 0x00000000b9e00000, 0x00000000e0000000)
  object space 423936K, 52% used [0x00000000a0000000,0x00000000ad7fe670,0x00000000b9e00000)
 Metaspace       used 100017K, capacity 106496K, committed 106648K, reserved 1142784K
  class space    used 12695K, capacity 13884K, committed 13992K, reserved 1048576K
}
Event: 4338.439 GC heap before
{Heap before GC invocations=75 (full 5):
 PSYoungGen      total 370176K, used 312536K [0x00000000e0000000, 0x00000000fbc00000, 0x0000000100000000)
  eden space 285184K, 100% used [0x00000000e0000000,0x00000000f1680000,0x00000000f1680000)
  from space 84992K, 32% used [0x00000000f1680000,0x00000000f31361d8,0x00000000f6980000)
  to   space 82944K, 0% used [0x00000000f6b00000,0x00000000f6b00000,0x00000000fbc00000)
 ParOldGen       total 423936K, used 221177K [0x00000000a0000000, 0x00000000b9e00000, 0x00000000e0000000)
  object space 423936K, 52% used [0x00000000a0000000,0x00000000ad7fe670,0x00000000b9e00000)
 Metaspace       used 100061K, capacity 106506K, committed 106648K, reserved 1142784K
  class space    used 12695K, capacity 13885K, committed 13992K, reserved 1048576K
Event: 4338.471 GC heap after
Heap after GC invocations=75 (full 5):
 PSYoungGen      total 369664K, used 42513K [0x00000000e0000000, 0x00000000fb800000, 0x0000000100000000)
  eden space 290816K, 0% used [0x00000000e0000000,0x00000000e0000000,0x00000000f1c00000)
  from space 78848K, 53% used [0x00000000f6b00000,0x00000000f9484530,0x00000000fb800000)
  to   space 79872K, 0% used [0x00000000f1c00000,0x00000000f1c00000,0x00000000f6a00000)
 ParOldGen       total 423936K, used 221385K [0x00000000a0000000, 0x00000000b9e00000, 0x00000000e0000000)
  object space 423936K, 52% used [0x00000000a0000000,0x00000000ad832680,0x00000000b9e00000)
 Metaspace       used 100061K, capacity 106506K, committed 106648K, reserved 1142784K
  class space    used 12695K, capacity 13885K, committed 13992K, reserved 1048576K
}
Event: 4746.122 GC heap before
{Heap before GC invocations=76 (full 5):
 PSYoungGen      total 369664K, used 333329K [0x00000000e0000000, 0x00000000fb800000, 0x0000000100000000)
  eden space 290816K, 100% used [0x00000000e0000000,0x00000000f1c00000,0x00000000f1c00000)
  from space 78848K, 53% used [0x00000000f6b00000,0x00000000f9484530,0x00000000fb800000)
  to   space 79872K, 0% used [0x00000000f1c00000,0x00000000f1c00000,0x00000000f6a00000)
 ParOldGen       total 423936K, used 221385K [0x00000000a0000000, 0x00000000b9e00000, 0x00000000e0000000)
  object space 423936K, 52% used [0x00000000a0000000,0x00000000ad832680,0x00000000b9e00000)
 Metaspace       used 103231K, capacity 109798K, committed 109976K, reserved 1144832K
  class space    used 13092K, capacity 14247K, committed 14248K, reserved 1048576K
Event: 4746.241 GC heap after
Heap after GC invocations=76 (full 5):
 PSYoungGen      total 370688K, used 56459K [0x00000000e0000000, 0x00000000fc080000, 0x0000000100000000)
  eden space 290816K, 0% used [0x00000000e0000000,0x00000000e0000000,0x00000000f1c00000)
  from space 79872K, 70% used [0x00000000f1c00000,0x00000000f5322d50,0x00000000f6a00000)
  to   space 81920K, 0% used [0x00000000f7080000,0x00000000f7080000,0x00000000fc080000)
 ParOldGen       total 423936K, used 221641K [0x00000000a0000000, 0x00000000b9e00000, 0x00000000e0000000)
  object space 423936K, 52% used [0x00000000a0000000,0x00000000ad872690,0x00000000b9e00000)
 Metaspace       used 103231K, capacity 109798K, committed 109976K, reserved 1144832K
  class space    used 13092K, capacity 14247K, committed 14248K, reserved 1048576K
}
Event: 4843.610 GC heap before
{Heap before GC invocations=77 (full 5):
 PSYoungGen      total 370688K, used 347275K [0x00000000e0000000, 0x00000000fc080000, 0x0000000100000000)
  eden space 290816K, 100% used [0x00000000e0000000,0x00000000f1c00000,0x00000000f1c00000)
  from space 79872K, 70% used [0x00000000f1c00000,0x00000000f5322d50,0x00000000f6a00000)
  to   space 81920K, 0% used [0x00000000f7080000,0x00000000f7080000,0x00000000fc080000)
 ParOldGen       total 423936K, used 221641K [0x00000000a0000000, 0x00000000b9e00000, 0x00000000e0000000)
  object space 423936K, 52% used [0x00000000a0000000,0x00000000ad872690,0x00000000b9e00000)
 Metaspace       used 103656K, capacity 110240K, committed 110360K, reserved 1144832K
  class space    used 13146K, capacity 14304K, committed 14376K, reserved 1048576K
Event: 4843.644 GC heap after
Heap after GC invocations=77 (full 5):
 PSYoungGen      total 372224K, used 27150K [0x00000000e0000000, 0x00000000fbc80000, 0x0000000100000000)
  eden space 294400K, 0% used [0x00000000e0000000,0x00000000e0000000,0x00000000f1f80000)
  from space 77824K, 34% used [0x00000000f7080000,0x00000000f8b03888,0x00000000fbc80000)
  to   space 80384K, 0% used [0x00000000f1f80000,0x00000000f1f80000,0x00000000f6e00000)
 ParOldGen       total 423936K, used 221793K [0x00000000a0000000, 0x00000000b9e00000, 0x00000000e0000000)
  object space 423936K, 52% used [0x00000000a0000000,0x00000000ad8986a0,0x00000000b9e00000)
 Metaspace       used 103656K, capacity 110240K, committed 110360K, reserved 1144832K
  class space    used 13146K, capacity 14304K, committed 14376K, reserved 1048576K
}
Event: 4852.117 GC heap before
{Heap before GC invocations=78 (full 5):
 PSYoungGen      total 372224K, used 321550K [0x00000000e0000000, 0x00000000fbc80000, 0x0000000100000000)
  eden space 294400K, 100% used [0x00000000e0000000,0x00000000f1f80000,0x00000000f1f80000)
  from space 77824K, 34% used [0x00000000f7080000,0x00000000f8b03888,0x00000000fbc80000)
  to   space 80384K, 0% used [0x00000000f1f80000,0x00000000f1f80000,0x00000000f6e00000)
 ParOldGen       total 423936K, used 221793K [0x00000000a0000000, 0x00000000b9e00000, 0x00000000e0000000)
  object space 423936K, 52% used [0x00000000a0000000,0x00000000ad8986a0,0x00000000b9e00000)
 Metaspace       used 106886K, capacity 113532K, committed 113816K, reserved 1148928K
  class space    used 13508K, capacity 14680K, committed 14760K, reserved 1048576K
Event: 4852.229 GC heap after
Heap after GC invocations=78 (full 5):
 PSYoungGen      total 374784K, used 76518K [0x00000000e0000000, 0x00000000fd300000, 0x0000000100000000)
  eden space 294400K, 0% used [0x00000000e0000000,0x00000000e0000000,0x00000000f1f80000)
  from space 80384K, 95% used [0x00000000f1f80000,0x00000000f6a39978,0x00000000f6e00000)
  to   space 89600K, 0% used [0x00000000f7b80000,0x00000000f7b80000,0x00000000fd300000)
 ParOldGen       total 423936K, used 221841K [0x00000000a0000000, 0x00000000b9e00000, 0x00000000e0000000)
  object space 423936K, 52% used [0x00000000a0000000,0x00000000ad8a46a0,0x00000000b9e00000)
 Metaspace       used 106886K, capacity 113532K, committed 113816K, reserved 1148928K
  class space    used 13508K, capacity 14680K, committed 14760K, reserved 1048576K
}

