# JRE version: OpenJDK Runtime Environment (8.0_212-b04) (build 1.8.0_212-release-1586-b04)
# Java VM: OpenJDK 64-Bit Server VM (25.212-b04 mixed mode windows-amd64 compressed oops)
Heap:
 PSYoungGen      total 336384K, used 97633K [0x00000000e0000000, 0x00000000fab00000, 0x0000000100000000)
  eden space 264704K, 31% used [0x00000000e0000000,0x00000000e50c9870,0x00000000f0280000)
  from space 71680K, 20% used [0x00000000f0280000,0x00000000f110ed70,0x00000000f4880000)
  to   space 69120K, 0% used [0x00000000f6780000,0x00000000f6780000,0x00000000fab00000)
 ParOldGen       total 456192K, used 210874K [0x00000000a0000000, 0x00000000bbd80000, 0x00000000e0000000)
  object space 456192K, 46% used [0x00000000a0000000,0x00000000acdee8b8,0x00000000bbd80000)
 Metaspace       used 76824K, capacity 79323K, committed 80024K, reserved 1118208K
  class space    used 10108K, capacity 10722K, committed 10920K, reserved 1048576K
GC Heap History (10 events):
Event: 17.295 GC heap before
{Heap before GC invocations=22 (full 4):
 PSYoungGen      total 248320K, used 197120K [0x00000000e0000000, 0x00000000f5280000, 0x0000000100000000)
  eden space 197120K, 100% used [0x00000000e0000000,0x00000000ec080000,0x00000000ec080000)
  from space 51200K, 0% used [0x00000000ec080000,0x00000000ec080000,0x00000000ef280000)
  to   space 54784K, 0% used [0x00000000f1d00000,0x00000000f1d00000,0x00000000f5280000)
 ParOldGen       total 292352K, used 124775K [0x00000000a0000000, 0x00000000b1d80000, 0x00000000e0000000)
  object space 292352K, 42% used [0x00000000a0000000,0x00000000a79d9c50,0x00000000b1d80000)
 Metaspace       used 71966K, capacity 74437K, committed 75416K, reserved 1114112K
  class space    used 9571K, capacity 10187K, committed 10408K, reserved 1048576K
Event: 17.348 GC heap after
Heap after GC invocations=22 (full 4):
 PSYoungGen      total 284160K, used 51997K [0x00000000e0000000, 0x00000000f6180000, 0x0000000100000000)
  eden space 229376K, 0% used [0x00000000e0000000,0x00000000e0000000,0x00000000ee000000)
  from space 54784K, 94% used [0x00000000f1d00000,0x00000000f4fc7788,0x00000000f5280000)
  to   space 62464K, 0% used [0x00000000ee000000,0x00000000ee000000,0x00000000f1d00000)
 ParOldGen       total 292352K, used 196197K [0x00000000a0000000, 0x00000000b1d80000, 0x00000000e0000000)
  object space 292352K, 67% used [0x00000000a0000000,0x00000000abf99520,0x00000000b1d80000)
 Metaspace       used 71966K, capacity 74437K, committed 75416K, reserved 1114112K
  class space    used 9571K, capacity 10187K, committed 10408K, reserved 1048576K
}
Event: 18.771 GC heap before
{Heap before GC invocations=23 (full 4):
 PSYoungGen      total 284160K, used 281373K [0x00000000e0000000, 0x00000000f6180000, 0x0000000100000000)
  eden space 229376K, 100% used [0x00000000e0000000,0x00000000ee000000,0x00000000ee000000)
  from space 54784K, 94% used [0x00000000f1d00000,0x00000000f4fc7788,0x00000000f5280000)
  to   space 62464K, 0% used [0x00000000ee000000,0x00000000ee000000,0x00000000f1d00000)
 ParOldGen       total 292352K, used 204708K [0x00000000a0000000, 0x00000000b1d80000, 0x00000000e0000000)
  object space 292352K, 70% used [0x00000000a0000000,0x00000000ac7e91f8,0x00000000b1d80000)
 Metaspace       used 72013K, capacity 74437K, committed 75416K, reserved 1114112K
  class space    used 9573K, capacity 10187K, committed 10408K, reserved 1048576K
Event: 18.833 GC heap after
Heap after GC invocations=23 (full 4):
 PSYoungGen      total 291840K, used 59421K [0x00000000e0000000, 0x00000000f9a80000, 0x0000000100000000)
  eden space 229376K, 0% used [0x00000000e0000000,0x00000000e0000000,0x00000000ee000000)
  from space 62464K, 95% used [0x00000000ee000000,0x00000000f1a07600,0x00000000f1d00000)
  to   space 71680K, 0% used [0x00000000f5480000,0x00000000f5480000,0x00000000f9a80000)
 ParOldGen       total 324096K, used 303716K [0x00000000a0000000, 0x00000000b3c80000, 0x00000000e0000000)
  object space 324096K, 93% used [0x00000000a0000000,0x00000000b28991c0,0x00000000b3c80000)
 Metaspace       used 72013K, capacity 74437K, committed 75416K, reserved 1114112K
  class space    used 9573K, capacity 10187K, committed 10408K, reserved 1048576K
}
Event: 18.833 GC heap before
{Heap before GC invocations=24 (full 5):
 PSYoungGen      total 291840K, used 59421K [0x00000000e0000000, 0x00000000f9a80000, 0x0000000100000000)
  eden space 229376K, 0% used [0x00000000e0000000,0x00000000e0000000,0x00000000ee000000)
  from space 62464K, 95% used [0x00000000ee000000,0x00000000f1a07600,0x00000000f1d00000)
  to   space 71680K, 0% used [0x00000000f5480000,0x00000000f5480000,0x00000000f9a80000)
 ParOldGen       total 324096K, used 303716K [0x00000000a0000000, 0x00000000b3c80000, 0x00000000e0000000)
  object space 324096K, 93% used [0x00000000a0000000,0x00000000b28991c0,0x00000000b3c80000)
 Metaspace       used 72013K, capacity 74437K, committed 75416K, reserved 1114112K
  class space    used 9573K, capacity 10187K, committed 10408K, reserved 1048576K
Event: 19.024 GC heap after
Heap after GC invocations=24 (full 5):
 PSYoungGen      total 291840K, used 0K [0x00000000e0000000, 0x00000000f9a80000, 0x0000000100000000)
  eden space 229376K, 0% used [0x00000000e0000000,0x00000000e0000000,0x00000000ee000000)
  from space 62464K, 0% used [0x00000000ee000000,0x00000000ee000000,0x00000000f1d00000)
  to   space 71680K, 0% used [0x00000000f5480000,0x00000000f5480000,0x00000000f9a80000)
 ParOldGen       total 456192K, used 210386K [0x00000000a0000000, 0x00000000bbd80000, 0x00000000e0000000)
  object space 456192K, 46% used [0x00000000a0000000,0x00000000acd74b18,0x00000000bbd80000)
 Metaspace       used 72013K, capacity 74437K, committed 75416K, reserved 1114112K
  class space    used 9573K, capacity 10187K, committed 10408K, reserved 1048576K
}
Event: 21.826 GC heap before
{Heap before GC invocations=25 (full 5):
 PSYoungGen      total 291840K, used 229376K [0x00000000e0000000, 0x00000000f9a80000, 0x0000000100000000)
  eden space 229376K, 100% used [0x00000000e0000000,0x00000000ee000000,0x00000000ee000000)
  from space 62464K, 0% used [0x00000000ee000000,0x00000000ee000000,0x00000000f1d00000)
  to   space 71680K, 0% used [0x00000000f5480000,0x00000000f5480000,0x00000000f9a80000)
 ParOldGen       total 456192K, used 210858K [0x00000000a0000000, 0x00000000bbd80000, 0x00000000e0000000)
  object space 456192K, 46% used [0x00000000a0000000,0x00000000acdea8b8,0x00000000bbd80000)
 Metaspace       used 72271K, capacity 74713K, committed 75672K, reserved 1114112K
  class space    used 9596K, capacity 10201K, committed 10408K, reserved 1048576K
Event: 21.832 GC heap after
Heap after GC invocations=25 (full 5):
 PSYoungGen      total 324096K, used 2726K [0x00000000e0000000, 0x00000000f8e80000, 0x0000000100000000)
  eden space 264704K, 0% used [0x00000000e0000000,0x00000000e0000000,0x00000000f0280000)
  from space 59392K, 4% used [0x00000000f5480000,0x00000000f5729b60,0x00000000f8e80000)
  to   space 71680K, 0% used [0x00000000f0280000,0x00000000f0280000,0x00000000f4880000)
 ParOldGen       total 456192K, used 210866K [0x00000000a0000000, 0x00000000bbd80000, 0x00000000e0000000)
  object space 456192K, 46% used [0x00000000a0000000,0x00000000acdec8b8,0x00000000bbd80000)
 Metaspace       used 72271K, capacity 74713K, committed 75672K, reserved 1114112K
  class space    used 9596K, capacity 10201K, committed 10408K, reserved 1048576K
}
Event: 30.365 GC heap before
{Heap before GC invocations=26 (full 5):
 PSYoungGen      total 324096K, used 267430K [0x00000000e0000000, 0x00000000f8e80000, 0x0000000100000000)
  eden space 264704K, 100% used [0x00000000e0000000,0x00000000f0280000,0x00000000f0280000)
  from space 59392K, 4% used [0x00000000f5480000,0x00000000f5729b60,0x00000000f8e80000)
  to   space 71680K, 0% used [0x00000000f0280000,0x00000000f0280000,0x00000000f4880000)
 ParOldGen       total 456192K, used 210866K [0x00000000a0000000, 0x00000000bbd80000, 0x00000000e0000000)
  object space 456192K, 46% used [0x00000000a0000000,0x00000000acdec8b8,0x00000000bbd80000)
 Metaspace       used 76334K, capacity 78875K, committed 79512K, reserved 1118208K
  class space    used 10083K, capacity 10722K, committed 10920K, reserved 1048576K
Event: 30.385 GC heap after
Heap after GC invocations=26 (full 5):
 PSYoungGen      total 336384K, used 14907K [0x00000000e0000000, 0x00000000fab00000, 0x0000000100000000)
  eden space 264704K, 0% used [0x00000000e0000000,0x00000000e0000000,0x00000000f0280000)
  from space 71680K, 20% used [0x00000000f0280000,0x00000000f110ed70,0x00000000f4880000)
  to   space 69120K, 0% used [0x00000000f6780000,0x00000000f6780000,0x00000000fab00000)
 ParOldGen       total 456192K, used 210874K [0x00000000a0000000, 0x00000000bbd80000, 0x00000000e0000000)
  object space 456192K, 46% used [0x00000000a0000000,0x00000000acdee8b8,0x00000000bbd80000)
 Metaspace       used 76334K, capacity 78875K, committed 79512K, reserved 1118208K
  class space    used 10083K, capacity 10722K, committed 10920K, reserved 1048576K
}

