# JRE version: OpenJDK Runtime Environment (8.0_212-b04) (build 1.8.0_212-release-1586-b04)
# Java VM: OpenJDK 64-Bit Server VM (25.212-b04 mixed mode windows-amd64 compressed oops)
Heap:
 PSYoungGen      total 393216K, used 330938K [0x00000000e0000000, 0x0000000100000000, 0x0000000100000000)
  eden space 328704K, 81% used [0x00000000e0000000,0x00000000f043cd58,0x00000000f4100000)
  from space 64512K, 99% used [0x00000000f4100000,0x00000000f7ff1db8,0x00000000f8000000)
  to   space 102400K, 0% used [0x00000000f9c00000,0x00000000f9c00000,0x0000000100000000)
 ParOldGen       total 410112K, used 206605K [0x00000000a0000000, 0x00000000b9080000, 0x00000000e0000000)
  object space 410112K, 50% used [0x00000000a0000000,0x00000000ac9c35c0,0x00000000b9080000)
 Metaspace       used 94426K, capacity 98800K, committed 99224K, reserved 1134592K
  class space    used 12243K, capacity 13136K, committed 13224K, reserved 1048576K
GC Heap History (10 events):
Event: 151.760 GC heap before
{Heap before GC invocations=30 (full 4):
 PSYoungGen      total 413184K, used 406720K [0x00000000e0000000, 0x0000000100000000, 0x0000000100000000)
  eden space 342528K, 100% used [0x00000000e0000000,0x00000000f4e80000,0x00000000f4e80000)
  from space 70656K, 90% used [0x00000000f4e80000,0x00000000f8d30230,0x00000000f9380000)
  to   space 79872K, 0% used [0x00000000fb200000,0x00000000fb200000,0x0000000100000000)
 ParOldGen       total 256000K, used 109095K [0x00000000a0000000, 0x00000000afa00000, 0x00000000e0000000)
  object space 256000K, 42% used [0x00000000a0000000,0x00000000a6a89f88,0x00000000afa00000)
 Metaspace       used 93320K, capacity 97356K, committed 98456K, reserved 1134592K
  class space    used 12137K, capacity 12982K, committed 13224K, reserved 1048576K
Event: 151.859 GC heap after
Heap after GC invocations=30 (full 4):
 PSYoungGen      total 412672K, used 79848K [0x00000000e0000000, 0x0000000100000000, 0x0000000100000000)
  eden space 332800K, 0% used [0x00000000e0000000,0x00000000e0000000,0x00000000f4500000)
  from space 79872K, 99% used [0x00000000fb200000,0x00000000ffffa078,0x0000000100000000)
  to   space 95744K, 0% used [0x00000000f4500000,0x00000000f4500000,0x00000000fa280000)
 ParOldGen       total 256000K, used 116426K [0x00000000a0000000, 0x00000000afa00000, 0x00000000e0000000)
  object space 256000K, 45% used [0x00000000a0000000,0x00000000a71b2a40,0x00000000afa00000)
 Metaspace       used 93320K, capacity 97356K, committed 98456K, reserved 1134592K
  class space    used 12137K, capacity 12982K, committed 13224K, reserved 1048576K
}
Event: 154.023 GC heap before
{Heap before GC invocations=31 (full 4):
 PSYoungGen      total 412672K, used 412648K [0x00000000e0000000, 0x0000000100000000, 0x0000000100000000)
  eden space 332800K, 100% used [0x00000000e0000000,0x00000000f4500000,0x00000000f4500000)
  from space 79872K, 99% used [0x00000000fb200000,0x00000000ffffa078,0x0000000100000000)
  to   space 95744K, 0% used [0x00000000f4500000,0x00000000f4500000,0x00000000fa280000)
 ParOldGen       total 256000K, used 116426K [0x00000000a0000000, 0x00000000afa00000, 0x00000000e0000000)
  object space 256000K, 45% used [0x00000000a0000000,0x00000000a71b2a40,0x00000000afa00000)
 Metaspace       used 94108K, capacity 98444K, committed 98968K, reserved 1134592K
  class space    used 12235K, capacity 13134K, committed 13224K, reserved 1048576K
Event: 154.186 GC heap after
Heap after GC invocations=31 (full 4):
 PSYoungGen      total 389632K, used 56526K [0x00000000e0000000, 0x0000000100000000, 0x0000000100000000)
  eden space 332800K, 0% used [0x00000000e0000000,0x00000000e0000000,0x00000000f4500000)
  from space 56832K, 99% used [0x00000000f4500000,0x00000000f7c33a38,0x00000000f7c80000)
  to   space 96768K, 0% used [0x00000000fa180000,0x00000000fa180000,0x0000000100000000)
 ParOldGen       total 256000K, used 191771K [0x00000000a0000000, 0x00000000afa00000, 0x00000000e0000000)
  object space 256000K, 74% used [0x00000000a0000000,0x00000000abb46c00,0x00000000afa00000)
 Metaspace       used 94108K, capacity 98444K, committed 98968K, reserved 1134592K
  class space    used 12235K, capacity 13134K, committed 13224K, reserved 1048576K
}
Event: 154.593 GC heap before
{Heap before GC invocations=32 (full 4):
 PSYoungGen      total 389632K, used 389326K [0x00000000e0000000, 0x0000000100000000, 0x0000000100000000)
  eden space 332800K, 100% used [0x00000000e0000000,0x00000000f4500000,0x00000000f4500000)
  from space 56832K, 99% used [0x00000000f4500000,0x00000000f7c33a38,0x00000000f7c80000)
  to   space 96768K, 0% used [0x00000000fa180000,0x00000000fa180000,0x0000000100000000)
 ParOldGen       total 256000K, used 191771K [0x00000000a0000000, 0x00000000afa00000, 0x00000000e0000000)
  object space 256000K, 74% used [0x00000000a0000000,0x00000000abb46c00,0x00000000afa00000)
 Metaspace       used 94115K, capacity 98444K, committed 98968K, reserved 1134592K
  class space    used 12235K, capacity 13134K, committed 13224K, reserved 1048576K
Event: 154.658 GC heap after
Heap after GC invocations=32 (full 4):
 PSYoungGen      total 425472K, used 160K [0x00000000e0000000, 0x0000000100000000, 0x0000000100000000)
  eden space 328704K, 0% used [0x00000000e0000000,0x00000000e0000000,0x00000000f4100000)
  from space 96768K, 0% used [0x00000000fa180000,0x00000000fa1a8000,0x0000000100000000)
  to   space 97792K, 0% used [0x00000000f4100000,0x00000000f4100000,0x00000000fa080000)
 ParOldGen       total 256000K, used 234275K [0x00000000a0000000, 0x00000000afa00000, 0x00000000e0000000)
  object space 256000K, 91% used [0x00000000a0000000,0x00000000ae4c8cf8,0x00000000afa00000)
 Metaspace       used 94115K, capacity 98444K, committed 98968K, reserved 1134592K
  class space    used 12235K, capacity 13134K, committed 13224K, reserved 1048576K
}
Event: 154.658 GC heap before
{Heap before GC invocations=33 (full 5):
 PSYoungGen      total 425472K, used 160K [0x00000000e0000000, 0x0000000100000000, 0x0000000100000000)
  eden space 328704K, 0% used [0x00000000e0000000,0x00000000e0000000,0x00000000f4100000)
  from space 96768K, 0% used [0x00000000fa180000,0x00000000fa1a8000,0x0000000100000000)
  to   space 97792K, 0% used [0x00000000f4100000,0x00000000f4100000,0x00000000fa080000)
 ParOldGen       total 256000K, used 234275K [0x00000000a0000000, 0x00000000afa00000, 0x00000000e0000000)
  object space 256000K, 91% used [0x00000000a0000000,0x00000000ae4c8cf8,0x00000000afa00000)
 Metaspace       used 94115K, capacity 98444K, committed 98968K, reserved 1134592K
  class space    used 12235K, capacity 13134K, committed 13224K, reserved 1048576K
Event: 156.426 GC heap after
Heap after GC invocations=33 (full 5):
 PSYoungGen      total 425472K, used 0K [0x00000000e0000000, 0x0000000100000000, 0x0000000100000000)
  eden space 328704K, 0% used [0x00000000e0000000,0x00000000e0000000,0x00000000f4100000)
  from space 96768K, 0% used [0x00000000fa180000,0x00000000fa180000,0x0000000100000000)
  to   space 97792K, 0% used [0x00000000f4100000,0x00000000f4100000,0x00000000fa080000)
 ParOldGen       total 410112K, used 206597K [0x00000000a0000000, 0x00000000b9080000, 0x00000000e0000000)
  object space 410112K, 50% used [0x00000000a0000000,0x00000000ac9c15c0,0x00000000b9080000)
 Metaspace       used 94094K, capacity 98388K, committed 98968K, reserved 1134592K
  class space    used 12229K, capacity 13122K, committed 13224K, reserved 1048576K
}
Event: 158.111 GC heap before
{Heap before GC invocations=34 (full 5):
 PSYoungGen      total 425472K, used 328704K [0x00000000e0000000, 0x0000000100000000, 0x0000000100000000)
  eden space 328704K, 100% used [0x00000000e0000000,0x00000000f4100000,0x00000000f4100000)
  from space 96768K, 0% used [0x00000000fa180000,0x00000000fa180000,0x0000000100000000)
  to   space 97792K, 0% used [0x00000000f4100000,0x00000000f4100000,0x00000000fa080000)
 ParOldGen       total 410112K, used 206597K [0x00000000a0000000, 0x00000000b9080000, 0x00000000e0000000)
  object space 410112K, 50% used [0x00000000a0000000,0x00000000ac9c15c0,0x00000000b9080000)
 Metaspace       used 94204K, capacity 98560K, committed 98968K, reserved 1134592K
  class space    used 12237K, capacity 13128K, committed 13224K, reserved 1048576K
Event: 158.186 GC heap after
Heap after GC invocations=34 (full 5):
 PSYoungGen      total 393216K, used 64455K [0x00000000e0000000, 0x0000000100000000, 0x0000000100000000)
  eden space 328704K, 0% used [0x00000000e0000000,0x00000000e0000000,0x00000000f4100000)
  from space 64512K, 99% used [0x00000000f4100000,0x00000000f7ff1db8,0x00000000f8000000)
  to   space 102400K, 0% used [0x00000000f9c00000,0x00000000f9c00000,0x0000000100000000)
 ParOldGen       total 410112K, used 206605K [0x00000000a0000000, 0x00000000b9080000, 0x00000000e0000000)
  object space 410112K, 50% used [0x00000000a0000000,0x00000000ac9c35c0,0x00000000b9080000)
 Metaspace       used 94204K, capacity 98560K, committed 98968K, reserved 1134592K
  class space    used 12237K, capacity 13128K, committed 13224K, reserved 1048576K
}

