# JRE version: OpenJDK Runtime Environment (8.0_212-b04) (build 1.8.0_212-release-1586-b04)
# Java VM: OpenJDK 64-Bit Server VM (25.212-b04 mixed mode windows-amd64 compressed oops)
Heap:
 PSYoungGen      total 449536K, used 76621K [0x00000000e0000000, 0x0000000100000000, 0x0000000100000000)
  eden space 370688K, 11% used [0x00000000e0000000,0x00000000e2adeb90,0x00000000f6a00000)
  from space 78848K, 41% used [0x00000000fb300000,0x00000000fd2f4b78,0x0000000100000000)
  to   space 74752K, 0% used [0x00000000f6a00000,0x00000000f6a00000,0x00000000fb300000)
 ParOldGen       total 318976K, used 256224K [0x00000000a0000000, 0x00000000b3780000, 0x00000000e0000000)
  object space 318976K, 80% used [0x00000000a0000000,0x00000000afa38338,0x00000000b3780000)
 Metaspace       used 95127K, capacity 99490K, committed 99736K, reserved 1136640K
  class space    used 12269K, capacity 13137K, committed 13208K, reserved 1048576K
GC Heap History (10 events):
Event: 30.917 GC heap before
{Heap before GC invocations=28 (full 4):
 PSYoungGen      total 386560K, used 311263K [0x00000000e0000000, 0x00000000fff00000, 0x0000000100000000)
  eden space 301056K, 100% used [0x00000000e0000000,0x00000000f2600000,0x00000000f2600000)
  from space 85504K, 11% used [0x00000000f2600000,0x00000000f2ff7d28,0x00000000f7980000)
  to   space 82944K, 0% used [0x00000000fae00000,0x00000000fae00000,0x00000000fff00000)
 ParOldGen       total 318976K, used 239349K [0x00000000a0000000, 0x00000000b3780000, 0x00000000e0000000)
  object space 318976K, 75% used [0x00000000a0000000,0x00000000ae9bd680,0x00000000b3780000)
 Metaspace       used 82120K, capacity 85864K, committed 85912K, reserved 1124352K
  class space    used 10863K, capacity 11664K, committed 11672K, reserved 1048576K
Event: 30.958 GC heap after
Heap after GC invocations=28 (full 4):
 PSYoungGen      total 430080K, used 31557K [0x00000000e0000000, 0x00000000ff680000, 0x0000000100000000)
  eden space 355840K, 0% used [0x00000000e0000000,0x00000000e0000000,0x00000000f5b80000)
  from space 74240K, 42% used [0x00000000fae00000,0x00000000fccd1730,0x00000000ff680000)
  to   space 79360K, 0% used [0x00000000f5b80000,0x00000000f5b80000,0x00000000fa900000)
 ParOldGen       total 318976K, used 247058K [0x00000000a0000000, 0x00000000b3780000, 0x00000000e0000000)
  object space 318976K, 77% used [0x00000000a0000000,0x00000000af144858,0x00000000b3780000)
 Metaspace       used 82120K, capacity 85864K, committed 85912K, reserved 1124352K
  class space    used 10863K, capacity 11664K, committed 11672K, reserved 1048576K
}
Event: 37.465 GC heap before
{Heap before GC invocations=29 (full 4):
 PSYoungGen      total 430080K, used 387397K [0x00000000e0000000, 0x00000000ff680000, 0x0000000100000000)
  eden space 355840K, 100% used [0x00000000e0000000,0x00000000f5b80000,0x00000000f5b80000)
  from space 74240K, 42% used [0x00000000fae00000,0x00000000fccd1730,0x00000000ff680000)
  to   space 79360K, 0% used [0x00000000f5b80000,0x00000000f5b80000,0x00000000fa900000)
 ParOldGen       total 318976K, used 247058K [0x00000000a0000000, 0x00000000b3780000, 0x00000000e0000000)
  object space 318976K, 77% used [0x00000000a0000000,0x00000000af144858,0x00000000b3780000)
 Metaspace       used 87668K, capacity 91660K, committed 91928K, reserved 1128448K
  class space    used 11650K, capacity 12452K, committed 12568K, reserved 1048576K
Event: 37.486 GC heap after
Heap after GC invocations=29 (full 4):
 PSYoungGen      total 435200K, used 24163K [0x00000000e0000000, 0x00000000ffb00000, 0x0000000100000000)
  eden space 355840K, 0% used [0x00000000e0000000,0x00000000e0000000,0x00000000f5b80000)
  from space 79360K, 30% used [0x00000000f5b80000,0x00000000f7318d48,0x00000000fa900000)
  to   space 74240K, 0% used [0x00000000fb280000,0x00000000fb280000,0x00000000ffb00000)
 ParOldGen       total 318976K, used 250168K [0x00000000a0000000, 0x00000000b3780000, 0x00000000e0000000)
  object space 318976K, 78% used [0x00000000a0000000,0x00000000af44e278,0x00000000b3780000)
 Metaspace       used 87668K, capacity 91660K, committed 91928K, reserved 1128448K
  class space    used 11650K, capacity 12452K, committed 12568K, reserved 1048576K
}
Event: 204.236 GC heap before
{Heap before GC invocations=30 (full 4):
 PSYoungGen      total 435200K, used 380003K [0x00000000e0000000, 0x00000000ffb00000, 0x0000000100000000)
  eden space 355840K, 100% used [0x00000000e0000000,0x00000000f5b80000,0x00000000f5b80000)
  from space 79360K, 30% used [0x00000000f5b80000,0x00000000f7318d48,0x00000000fa900000)
  to   space 74240K, 0% used [0x00000000fb280000,0x00000000fb280000,0x00000000ffb00000)
 ParOldGen       total 318976K, used 250168K [0x00000000a0000000, 0x00000000b3780000, 0x00000000e0000000)
  object space 318976K, 78% used [0x00000000a0000000,0x00000000af44e278,0x00000000b3780000)
 Metaspace       used 93480K, capacity 97798K, committed 98072K, reserved 1134592K
  class space    used 12168K, capacity 13021K, committed 13080K, reserved 1048576K
Event: 204.282 GC heap after
Heap after GC invocations=30 (full 4):
 PSYoungGen      total 437760K, used 19884K [0x00000000e0000000, 0x00000000ff400000, 0x0000000100000000)
  eden space 370688K, 0% used [0x00000000e0000000,0x00000000e0000000,0x00000000f6a00000)
  from space 67072K, 29% used [0x00000000fb280000,0x00000000fc5eb080,0x00000000ff400000)
  to   space 70656K, 0% used [0x00000000f6a00000,0x00000000f6a00000,0x00000000faf00000)
 ParOldGen       total 318976K, used 256208K [0x00000000a0000000, 0x00000000b3780000, 0x00000000e0000000)
  object space 318976K, 80% used [0x00000000a0000000,0x00000000afa34338,0x00000000b3780000)
 Metaspace       used 93480K, capacity 97798K, committed 98072K, reserved 1134592K
  class space    used 12168K, capacity 13021K, committed 13080K, reserved 1048576K
}
Event: 231.720 GC heap before
{Heap before GC invocations=31 (full 4):
 PSYoungGen      total 437760K, used 390572K [0x00000000e0000000, 0x00000000ff400000, 0x0000000100000000)
  eden space 370688K, 100% used [0x00000000e0000000,0x00000000f6a00000,0x00000000f6a00000)
  from space 67072K, 29% used [0x00000000fb280000,0x00000000fc5eb080,0x00000000ff400000)
  to   space 70656K, 0% used [0x00000000f6a00000,0x00000000f6a00000,0x00000000faf00000)
 ParOldGen       total 318976K, used 256208K [0x00000000a0000000, 0x00000000b3780000, 0x00000000e0000000)
  object space 318976K, 80% used [0x00000000a0000000,0x00000000afa34338,0x00000000b3780000)
 Metaspace       used 94775K, capacity 99210K, committed 99480K, reserved 1136640K
  class space    used 12246K, capacity 13097K, committed 13208K, reserved 1048576K
Event: 231.874 GC heap after
Heap after GC invocations=31 (full 4):
 PSYoungGen      total 441344K, used 59044K [0x00000000e0000000, 0x0000000100000000, 0x0000000100000000)
  eden space 370688K, 0% used [0x00000000e0000000,0x00000000e0000000,0x00000000f6a00000)
  from space 70656K, 83% used [0x00000000f6a00000,0x00000000fa3a9218,0x00000000faf00000)
  to   space 78848K, 0% used [0x00000000fb300000,0x00000000fb300000,0x0000000100000000)
 ParOldGen       total 318976K, used 256216K [0x00000000a0000000, 0x00000000b3780000, 0x00000000e0000000)
  object space 318976K, 80% used [0x00000000a0000000,0x00000000afa36338,0x00000000b3780000)
 Metaspace       used 94775K, capacity 99210K, committed 99480K, reserved 1136640K
  class space    used 12246K, capacity 13097K, committed 13208K, reserved 1048576K
}
Event: 237.681 GC heap before
{Heap before GC invocations=32 (full 4):
 PSYoungGen      total 441344K, used 429732K [0x00000000e0000000, 0x0000000100000000, 0x0000000100000000)
  eden space 370688K, 100% used [0x00000000e0000000,0x00000000f6a00000,0x00000000f6a00000)
  from space 70656K, 83% used [0x00000000f6a00000,0x00000000fa3a9218,0x00000000faf00000)
  to   space 78848K, 0% used [0x00000000fb300000,0x00000000fb300000,0x0000000100000000)
 ParOldGen       total 318976K, used 256216K [0x00000000a0000000, 0x00000000b3780000, 0x00000000e0000000)
  object space 318976K, 80% used [0x00000000a0000000,0x00000000afa36338,0x00000000b3780000)
 Metaspace       used 95109K, capacity 99484K, committed 99736K, reserved 1136640K
  class space    used 12267K, capacity 13136K, committed 13208K, reserved 1048576K
Event: 237.739 GC heap after
Heap after GC invocations=32 (full 4):
 PSYoungGen      total 449536K, used 32722K [0x00000000e0000000, 0x0000000100000000, 0x0000000100000000)
  eden space 370688K, 0% used [0x00000000e0000000,0x00000000e0000000,0x00000000f6a00000)
  from space 78848K, 41% used [0x00000000fb300000,0x00000000fd2f4b78,0x0000000100000000)
  to   space 74752K, 0% used [0x00000000f6a00000,0x00000000f6a00000,0x00000000fb300000)
 ParOldGen       total 318976K, used 256224K [0x00000000a0000000, 0x00000000b3780000, 0x00000000e0000000)
  object space 318976K, 80% used [0x00000000a0000000,0x00000000afa38338,0x00000000b3780000)
 Metaspace       used 95109K, capacity 99484K, committed 99736K, reserved 1136640K
  class space    used 12267K, capacity 13136K, committed 13208K, reserved 1048576K
}

